<?xml version="1.0" encoding="UTF-8"?>
<testng-results ignored="0" total="1" passed="0" failed="0" skipped="1">
  <reporter-output>
  </reporter-output>
  <suite started-at="2026-07-14T15:45:18 IST" name="TodoApp iOS Appium Suite" finished-at="2026-07-14T15:45:19 IST" duration-ms="1184">
    <groups>
    </groups>
    <test started-at="2026-07-14T15:45:18 IST" name="TodoApp Smoke and Functional Tests" finished-at="2026-07-14T15:45:19 IST" duration-ms="1184">
      <class name="tests.AppLaunchTest">
        <test-method is-config="true" signature="setUp()[pri:0, instance:tests.AppLaunchTest@6f8f8a80]" started-at="2026-07-14T15:45:18 IST" name="setUp" finished-at="2026-07-14T15:45:19 IST" duration-ms="1058" status="FAIL">
          <exception class="org.openqa.selenium.SessionNotCreatedException">
            <message>
              <![CDATA[Could not start a new session. Response code 500. Message: Unknown device or simulator UDID: 'D4E7F36F-A62E-458E-A0A4-0A5DB6256FB3' 
Host info: host: 'MacBookPro.lan', ip: '2409:4090:301e:7002:38b3:acea:defb:825d%en0'
Build info: version: '4.27.0', revision: 'd6e718d134'
System info: os.name: 'Mac OS X', os.arch: 'aarch64', os.version: '26.5.1', java.version: '26.0.1'
Driver info: io.appium.java_client.ios.IOSDriver
Command: [null, newSession {capabilities=[Capabilities {appium:automationName: XCuiTest, appium:bundleId: test.com.TodoApp, appium:deviceName: iPhone 17 Pro, appium:newCommandTimeout: 300, appium:noReset: true, appium:platformVersion: 26.4, appium:udid: D4E7F36F-A62E-458E-A0A4-0A5..., appium:wdaConnectionTimeout: 180000, appium:wdaLaunchTimeout: 180000, platformName: IOS}]}]
Capabilities {appium:automationName: XCuiTest, appium:bundleId: test.com.TodoApp, appium:deviceName: iPhone 17 Pro, appium:newCommandTimeout: 300, appium:noReset: true, appium:platformVersion: 26.4, appium:udid: D4E7F36F-A62E-458E-A0A4-0A5..., appium:wdaConnectionTimeout: 180000, appium:wdaLaunchTimeout: 180000, platformName: IOS}]]>
            </message>
            <full-stacktrace>
              <![CDATA[org.openqa.selenium.SessionNotCreatedException: Could not start a new session. Response code 500. Message: Unknown device or simulator UDID: 'D4E7F36F-A62E-458E-A0A4-0A5DB6256FB3' 
Host info: host: 'MacBookPro.lan', ip: '2409:4090:301e:7002:38b3:acea:defb:825d%en0'
Build info: version: '4.27.0', revision: 'd6e718d134'
System info: os.name: 'Mac OS X', os.arch: 'aarch64', os.version: '26.5.1', java.version: '26.0.1'
Driver info: io.appium.java_client.ios.IOSDriver
Command: [null, newSession {capabilities=[Capabilities {appium:automationName: XCuiTest, appium:bundleId: test.com.TodoApp, appium:deviceName: iPhone 17 Pro, appium:newCommandTimeout: 300, appium:noReset: true, appium:platformVersion: 26.4, appium:udid: D4E7F36F-A62E-458E-A0A4-0A5..., appium:wdaConnectionTimeout: 180000, appium:wdaLaunchTimeout: 180000, platformName: IOS}]}]
Capabilities {appium:automationName: XCuiTest, appium:bundleId: test.com.TodoApp, appium:deviceName: iPhone 17 Pro, appium:newCommandTimeout: 300, appium:noReset: true, appium:platformVersion: 26.4, appium:udid: D4E7F36F-A62E-458E-A0A4-0A5..., appium:wdaConnectionTimeout: 180000, appium:wdaLaunchTimeout: 180000, platformName: IOS}
at org.openqa.selenium.remote.ProtocolHandshake.createSession(ProtocolHandshake.java:114)
at org.openqa.selenium.remote.ProtocolHandshake.createSession(ProtocolHandshake.java:75)
at org.openqa.selenium.remote.ProtocolHandshake.createSession(ProtocolHandshake.java:61)
at io.appium.java_client.remote.AppiumCommandExecutor.createSession(AppiumCommandExecutor.java:176)
at io.appium.java_client.remote.AppiumCommandExecutor.execute(AppiumCommandExecutor.java:237)
at org.openqa.selenium.remote.RemoteWebDriver.execute(RemoteWebDriver.java:545)
at io.appium.java_client.AppiumDriver.startSession(AppiumDriver.java:270)
at org.openqa.selenium.remote.RemoteWebDriver.<init>(RemoteWebDriver.java:174)
at io.appium.java_client.AppiumDriver.<init>(AppiumDriver.java:91)
at io.appium.java_client.AppiumDriver.<init>(AppiumDriver.java:103)
at io.appium.java_client.ios.IOSDriver.<init>(IOSDriver.java:101)
at base.BaseTest.setUp(BaseTest.java:70)
at java.base/jdk.internal.reflect.DirectMethodHandleAccessor.invoke(DirectMethodHandleAccessor.java:104)
at java.base/java.lang.reflect.Method.invoke(Method.java:565)
at org.testng.internal.invokers.MethodInvocationHelper.invokeMethod(MethodInvocationHelper.java:141)
at org.testng.internal.invokers.MethodInvocationHelper.invokeMethodConsideringTimeout(MethodInvocationHelper.java:71)
at org.testng.internal.invokers.ConfigInvoker.invokeConfigurationMethod(ConfigInvoker.java:400)
at org.testng.internal.invokers.ConfigInvoker.invokeConfigurations(ConfigInvoker.java:333)
at org.testng.internal.invokers.TestInvoker.runConfigMethods(TestInvoker.java:833)
at org.testng.internal.invokers.TestInvoker.invokeMethod(TestInvoker.java:600)
at org.testng.internal.invokers.TestInvoker.invokeTestMethod(TestInvoker.java:230)
at org.testng.internal.invokers.MethodRunner.runInSequence(MethodRunner.java:63)
at org.testng.internal.invokers.TestInvoker$MethodInvocationAgent.invoke(TestInvoker.java:992)
at org.testng.internal.invokers.TestInvoker.invokeTestMethods(TestInvoker.java:203)
at org.testng.internal.invokers.TestMethodWorker.invokeTestMethods(TestMethodWorker.java:154)
at org.testng.internal.invokers.TestMethodWorker.run(TestMethodWorker.java:134)
at java.base/java.util.ArrayList.forEach(ArrayList.java:1612)
at org.testng.TestRunner.privateRun(TestRunner.java:739)
at org.testng.TestRunner.run(TestRunner.java:614)
at org.testng.SuiteRunner.runTest(SuiteRunner.java:421)
at org.testng.SuiteRunner.runSequentially(SuiteRunner.java:413)
at org.testng.SuiteRunner.privateRun(SuiteRunner.java:373)
at org.testng.SuiteRunner.run(SuiteRunner.java:312)
at org.testng.SuiteRunnerWorker.runSuite(SuiteRunnerWorker.java:52)
at org.testng.SuiteRunnerWorker.run(SuiteRunnerWorker.java:95)
at org.testng.TestNG.runSuitesSequentially(TestNG.java:1274)
at org.testng.TestNG.runSuitesLocally(TestNG.java:1208)
at org.testng.TestNG.runSuites(TestNG.java:1112)
at org.testng.TestNG.run(TestNG.java:1079)
at org.apache.maven.surefire.testng.TestNGExecutor.run(TestNGExecutor.java:308)
at org.apache.maven.surefire.testng.TestNGXmlTestSuite.execute(TestNGXmlTestSuite.java:71)
at org.apache.maven.surefire.testng.TestNGProvider.invoke(TestNGProvider.java:113)
at org.apache.maven.surefire.booter.ForkedBooter.runSuitesInProcess(ForkedBooter.java:385)
at org.apache.maven.surefire.booter.ForkedBooter.execute(ForkedBooter.java:162)
at org.apache.maven.surefire.booter.ForkedBooter.run(ForkedBooter.java:507)
at org.apache.maven.surefire.booter.ForkedBooter.main(ForkedBooter.java:495)
]]>
            </full-stacktrace>
          </exception> <!-- org.openqa.selenium.SessionNotCreatedException -->
          <reporter-output>
          </reporter-output>
        </test-method> <!-- setUp -->
        <test-method signature="verifyAppLaunch()[pri:0, instance:tests.AppLaunchTest@6f8f8a80]" started-at="2026-07-14T15:45:19 IST" name="verifyAppLaunch" finished-at="2026-07-14T15:45:19 IST" duration-ms="0" status="SKIP">
          <exception class="org.openqa.selenium.SessionNotCreatedException">
            <message>
              <![CDATA[Could not start a new session. Response code 500. Message: Unknown device or simulator UDID: 'D4E7F36F-A62E-458E-A0A4-0A5DB6256FB3' 
Host info: host: 'MacBookPro.lan', ip: '2409:4090:301e:7002:38b3:acea:defb:825d%en0'
Build info: version: '4.27.0', revision: 'd6e718d134'
System info: os.name: 'Mac OS X', os.arch: 'aarch64', os.version: '26.5.1', java.version: '26.0.1'
Driver info: io.appium.java_client.ios.IOSDriver
Command: [null, newSession {capabilities=[Capabilities {appium:automationName: XCuiTest, appium:bundleId: test.com.TodoApp, appium:deviceName: iPhone 17 Pro, appium:newCommandTimeout: 300, appium:noReset: true, appium:platformVersion: 26.4, appium:udid: D4E7F36F-A62E-458E-A0A4-0A5..., appium:wdaConnectionTimeout: 180000, appium:wdaLaunchTimeout: 180000, platformName: IOS}]}]
Capabilities {appium:automationName: XCuiTest, appium:bundleId: test.com.TodoApp, appium:deviceName: iPhone 17 Pro, appium:newCommandTimeout: 300, appium:noReset: true, appium:platformVersion: 26.4, appium:udid: D4E7F36F-A62E-458E-A0A4-0A5..., appium:wdaConnectionTimeout: 180000, appium:wdaLaunchTimeout: 180000, platformName: IOS}]]>
            </message>
            <full-stacktrace>
              <![CDATA[org.openqa.selenium.SessionNotCreatedException: Could not start a new session. Response code 500. Message: Unknown device or simulator UDID: 'D4E7F36F-A62E-458E-A0A4-0A5DB6256FB3' 
Host info: host: 'MacBookPro.lan', ip: '2409:4090:301e:7002:38b3:acea:defb:825d%en0'
Build info: version: '4.27.0', revision: 'd6e718d134'
System info: os.name: 'Mac OS X', os.arch: 'aarch64', os.version: '26.5.1', java.version: '26.0.1'
Driver info: io.appium.java_client.ios.IOSDriver
Command: [null, newSession {capabilities=[Capabilities {appium:automationName: XCuiTest, appium:bundleId: test.com.TodoApp, appium:deviceName: iPhone 17 Pro, appium:newCommandTimeout: 300, appium:noReset: true, appium:platformVersion: 26.4, appium:udid: D4E7F36F-A62E-458E-A0A4-0A5..., appium:wdaConnectionTimeout: 180000, appium:wdaLaunchTimeout: 180000, platformName: IOS}]}]
Capabilities {appium:automationName: XCuiTest, appium:bundleId: test.com.TodoApp, appium:deviceName: iPhone 17 Pro, appium:newCommandTimeout: 300, appium:noReset: true, appium:platformVersion: 26.4, appium:udid: D4E7F36F-A62E-458E-A0A4-0A5..., appium:wdaConnectionTimeout: 180000, appium:wdaLaunchTimeout: 180000, platformName: IOS}
at org.openqa.selenium.remote.ProtocolHandshake.createSession(ProtocolHandshake.java:114)
at org.openqa.selenium.remote.ProtocolHandshake.createSession(ProtocolHandshake.java:75)
at org.openqa.selenium.remote.ProtocolHandshake.createSession(ProtocolHandshake.java:61)
at io.appium.java_client.remote.AppiumCommandExecutor.createSession(AppiumCommandExecutor.java:176)
at io.appium.java_client.remote.AppiumCommandExecutor.execute(AppiumCommandExecutor.java:237)
at org.openqa.selenium.remote.RemoteWebDriver.execute(RemoteWebDriver.java:545)
at io.appium.java_client.AppiumDriver.startSession(AppiumDriver.java:270)
at org.openqa.selenium.remote.RemoteWebDriver.<init>(RemoteWebDriver.java:174)
at io.appium.java_client.AppiumDriver.<init>(AppiumDriver.java:91)
at io.appium.java_client.AppiumDriver.<init>(AppiumDriver.java:103)
at io.appium.java_client.ios.IOSDriver.<init>(IOSDriver.java:101)
at base.BaseTest.setUp(BaseTest.java:70)
at java.base/jdk.internal.reflect.DirectMethodHandleAccessor.invoke(DirectMethodHandleAccessor.java:104)
at java.base/java.lang.reflect.Method.invoke(Method.java:565)
at org.testng.internal.invokers.MethodInvocationHelper.invokeMethod(MethodInvocationHelper.java:141)
at org.testng.internal.invokers.MethodInvocationHelper.invokeMethodConsideringTimeout(MethodInvocationHelper.java:71)
at org.testng.internal.invokers.ConfigInvoker.invokeConfigurationMethod(ConfigInvoker.java:400)
at org.testng.internal.invokers.ConfigInvoker.invokeConfigurations(ConfigInvoker.java:333)
at org.testng.internal.invokers.TestInvoker.runConfigMethods(TestInvoker.java:833)
at org.testng.internal.invokers.TestInvoker.invokeMethod(TestInvoker.java:600)
at org.testng.internal.invokers.TestInvoker.invokeTestMethod(TestInvoker.java:230)
at org.testng.internal.invokers.MethodRunner.runInSequence(MethodRunner.java:63)
at org.testng.internal.invokers.TestInvoker$MethodInvocationAgent.invoke(TestInvoker.java:992)
at org.testng.internal.invokers.TestInvoker.invokeTestMethods(TestInvoker.java:203)
at org.testng.internal.invokers.TestMethodWorker.invokeTestMethods(TestMethodWorker.java:154)
at org.testng.internal.invokers.TestMethodWorker.run(TestMethodWorker.java:134)
at java.base/java.util.ArrayList.forEach(ArrayList.java:1612)
at org.testng.TestRunner.privateRun(TestRunner.java:739)
at org.testng.TestRunner.run(TestRunner.java:614)
at org.testng.SuiteRunner.runTest(SuiteRunner.java:421)
at org.testng.SuiteRunner.runSequentially(SuiteRunner.java:413)
at org.testng.SuiteRunner.privateRun(SuiteRunner.java:373)
at org.testng.SuiteRunner.run(SuiteRunner.java:312)
at org.testng.SuiteRunnerWorker.runSuite(SuiteRunnerWorker.java:52)
at org.testng.SuiteRunnerWorker.run(SuiteRunnerWorker.java:95)
at org.testng.TestNG.runSuitesSequentially(TestNG.java:1274)
at org.testng.TestNG.runSuitesLocally(TestNG.java:1208)
at org.testng.TestNG.runSuites(TestNG.java:1112)
at org.testng.TestNG.run(TestNG.java:1079)
at org.apache.maven.surefire.testng.TestNGExecutor.run(TestNGExecutor.java:308)
at org.apache.maven.surefire.testng.TestNGXmlTestSuite.execute(TestNGXmlTestSuite.java:71)
at org.apache.maven.surefire.testng.TestNGProvider.invoke(TestNGProvider.java:113)
at org.apache.maven.surefire.booter.ForkedBooter.runSuitesInProcess(ForkedBooter.java:385)
at org.apache.maven.surefire.booter.ForkedBooter.execute(ForkedBooter.java:162)
at org.apache.maven.surefire.booter.ForkedBooter.run(ForkedBooter.java:507)
at org.apache.maven.surefire.booter.ForkedBooter.main(ForkedBooter.java:495)
]]>
            </full-stacktrace>
          </exception> <!-- org.openqa.selenium.SessionNotCreatedException -->
          <reporter-output>
          </reporter-output>
        </test-method> <!-- verifyAppLaunch -->
        <test-method is-config="true" signature="tearDown()[pri:0, instance:tests.AppLaunchTest@6f8f8a80]" started-at="2026-07-14T15:45:19 IST" name="tearDown" finished-at="2026-07-14T15:45:19 IST" duration-ms="0" status="PASS">
          <reporter-output>
          </reporter-output>
        </test-method> <!-- tearDown -->
      </class> <!-- tests.AppLaunchTest -->
    </test> <!-- TodoApp Smoke and Functional Tests -->
  </suite> <!-- TodoApp iOS Appium Suite -->
</testng-results>
