<?xml version="1.0" encoding="UTF-8"?>
<testsuite xmlns:xsi="http://www.w3.org/2001/XMLSchema-instance" xsi:noNamespaceSchemaLocation="https://maven.apache.org/surefire/maven-surefire-plugin/xsd/surefire-test-report-3.0.xsd" version="3.0" name="TestSuite" time="1.788" tests="2" errors="0" skipped="1" failures="1">
  <properties>
[...]
</properties>
  <testcase name="setUp" classname="tests.AppLaunchTest" time="1.708">
    <failure message="Could not start a new session. Response code 500. Message: Unknown device or simulator UDID: &apos;D4E7F36F-A62E-458E-A0A4-0A5DB6256FB3&apos; &#10;Host info: host: &apos;MacBookPro.lan&apos;, ip: &apos;2409:4090:301e:7002:38b3:acea:defb:825d%en0&apos;&#10;Build info: version: &apos;4.27.0&apos;, revision: &apos;d6e718d134&apos;&#10;System info: os.name: &apos;Mac OS X&apos;, os.arch: &apos;aarch64&apos;, os.version: &apos;26.5.1&apos;, java.version: &apos;26.0.1&apos;&#10;Driver info: io.appium.java_client.ios.IOSDriver&#10;Command: [null, newSession {capabilities=[Capabilities {appium:automationName: XCuiTest, appium:bundleId: test.com.TodoApp, appium:deviceName: iPhone 17 Pro, appium:newCommandTimeout: 300, appium:noReset: true, appium:platformVersion: 26.4, appium:udid: D4E7F36F-A62E-458E-A0A4-0A5..., appium:wdaConnectionTimeout: 180000, appium:wdaLaunchTimeout: 180000, platformName: IOS}]}]&#10;Capabilities {appium:automationName: XCuiTest, appium:bundleId: test.com.TodoApp, appium:deviceName: iPhone 17 Pro, appium:newCommandTimeout: 300, appium:noReset: true, appium:platformVersion: 26.4, appium:udid: D4E7F36F-A62E-458E-A0A4-0A5..., appium:wdaConnectionTimeout: 180000, appium:wdaLaunchTimeout: 180000, platformName: IOS}" type="org.openqa.selenium.SessionNotCreatedException"><![CDATA[org.openqa.selenium.SessionNotCreatedException: 
Could not start a new session. Response code 500. Message: Unknown device or simulator UDID: 'D4E7F36F-A62E-458E-A0A4-0A5DB6256FB3' 
Host info: host: 'MacBookPro.lan', ip: '2409:4090:301e:7002:38b3:acea:defb:825d%en0'
Build info: version: '4.27.0', revision: 'd6e718d134'
System info: os.name: 'Mac OS X', os.arch: 'aarch64', os.version: '26.5.1', java.version: '26.0.1'
Driver info: io.appium.java_client.ios.IOSDriver
Command: [null, newSession {capabilities=[Capabilities {appium:automationName: XCuiTest, appium:bundleId: test.com.TodoApp, appium:deviceName: iPhone 17 Pro, appium:newCommandTimeout: 300, appium:noReset: true, appium:platformVersion: 26.4, appium:udid: D4E7F36F-A62E-458E-A0A4-0A5..., appium:wdaConnectionTimeout: 180000, appium:wdaLaunchTimeout: 180000, platformName: IOS}]}]
Capabilities {appium:automationName: XCuiTest, appium:bundleId: test.com.TodoApp, appium:deviceName: iPhone 17 Pro, appium:newCommandTimeout: 300, appium:noReset: true, appium:platformVersion: 26.4, appium:udid: D4E7F36F-A62E-458E-A0A4-0A5..., appium:wdaConnectionTimeout: 180000, appium:wdaLaunchTimeout: 180000, platformName: IOS}
	at org.openqa.selenium.remote.ProtocolHandshake.createSession(ProtocolHandshake.java:114)
	at org.openqa.selenium.remote.ProtocolHandshake.createSession(ProtocolHandshake.java:75)
	at org.openqa.selenium.remote.ProtocolHandshake.createSession(ProtocolHandshake.java:61)
	at io.appium.java_client.remote.AppiumCommandExecutor.createSession(AppiumCommandExecutor.java:176)
	at io.appium.java_client.remote.AppiumCommandExecutor.execute(AppiumCommandExecutor.java:237)
	at org.openqa.selenium.remote.RemoteWebDriver.execute(RemoteWebDriver.java:545)
	at io.appium.java_client.AppiumDriver.startSession(AppiumDriver.java:270)
	at org.openqa.selenium.remote.RemoteWebDriver.<init>(RemoteWebDriver.java:174)
	at io.appium.java_client.AppiumDriver.<init>(AppiumDriver.java:91)
	at io.appium.java_client.AppiumDriver.<init>(AppiumDriver.java:103)
	at io.appium.java_client.ios.IOSDriver.<init>(IOSDriver.java:101)
	at base.BaseTest.setUp(BaseTest.java:70)
	at java.base/jdk.internal.reflect.DirectMethodHandleAccessor.invoke(DirectMethodHandleAccessor.java:104)
	at java.base/java.lang.reflect.Method.invoke(Method.java:565)
	at org.testng.internal.invokers.MethodInvocationHelper.invokeMethod(MethodInvocationHelper.java:141)
	at org.testng.internal.invokers.MethodInvocationHelper.invokeMethodConsideringTimeout(MethodInvocationHelper.java:71)
	at org.testng.internal.invokers.ConfigInvoker.invokeConfigurationMethod(ConfigInvoker.java:400)
	at org.testng.internal.invokers.ConfigInvoker.invokeConfigurations(ConfigInvoker.java:333)
	at org.testng.internal.invokers.TestInvoker.runConfigMethods(TestInvoker.java:833)
	at org.testng.internal.invokers.TestInvoker.invokeMethod(TestInvoker.java:600)
	at org.testng.internal.invokers.TestInvoker.invokeTestMethod(TestInvoker.java:230)
	at org.testng.internal.invokers.MethodRunner.runInSequence(MethodRunner.java:63)
	at org.testng.internal.invokers.TestInvoker$MethodInvocationAgent.invoke(TestInvoker.java:992)
	at org.testng.internal.invokers.TestInvoker.invokeTestMethods(TestInvoker.java:203)
	at org.testng.internal.invokers.TestMethodWorker.invokeTestMethods(TestMethodWorker.java:154)
	at org.testng.internal.invokers.TestMethodWorker.run(TestMethodWorker.java:134)
	at java.base/java.util.ArrayList.forEach(ArrayList.java:1612)
	at org.testng.TestRunner.privateRun(TestRunner.java:739)
	at org.testng.TestRunner.run(TestRunner.java:614)
	at org.testng.SuiteRunner.runTest(SuiteRunner.java:421)
	at org.testng.SuiteRunner.runSequentially(SuiteRunner.java:413)
	at org.testng.SuiteRunner.privateRun(SuiteRunner.java:373)
	at org.testng.SuiteRunner.run(SuiteRunner.java:312)
	at org.testng.SuiteRunnerWorker.runSuite(SuiteRunnerWorker.java:52)
	at org.testng.SuiteRunnerWorker.run(SuiteRunnerWorker.java:95)
	at org.testng.TestNG.runSuitesSequentially(TestNG.java:1274)
	at org.testng.TestNG.runSuitesLocally(TestNG.java:1208)
	at org.testng.TestNG.runSuites(TestNG.java:1112)
	at org.testng.TestNG.run(TestNG.java:1079)
	at org.apache.maven.surefire.testng.TestNGExecutor.run(TestNGExecutor.java:308)
	at org.apache.maven.surefire.testng.TestNGXmlTestSuite.execute(TestNGXmlTestSuite.java:71)
	at org.apache.maven.surefire.testng.TestNGProvider.invoke(TestNGProvider.java:113)
	at org.apache.maven.surefire.booter.ForkedBooter.runSuitesInProcess(ForkedBooter.java:385)
	at org.apache.maven.surefire.booter.ForkedBooter.execute(ForkedBooter.java:162)
	at org.apache.maven.surefire.booter.ForkedBooter.run(ForkedBooter.java:507)
	at org.apache.maven.surefire.booter.ForkedBooter.main(ForkedBooter.java:495)
]]></failure>
    <system-out><![CDATA[====================================
Appium server: http://127.0.0.1:4723
Device name: iPhone 17 Pro
Platform version: 26.4
Simulator UDID: D4E7F36F-A62E-458E-A0A4-0A5DB6256FB3
Bundle ID: test.com.TodoApp
====================================
]]></system-out>
    <system-err><![CDATA[[main] INFO org.testng.internal.Utils - [XmlSuite] [WARN] 'parallel' value 'false' is no longer valid, defaulting to 'none'.
Unable to create Appium session.
Appium URL: http://127.0.0.1:4723
Error type: org.openqa.selenium.SessionNotCreatedException
Error message: Could not start a new session. Response code 500. Message: Unknown device or simulator UDID: 'D4E7F36F-A62E-458E-A0A4-0A5DB6256FB3' 
Host info: host: 'MacBookPro.lan', ip: '2409:4090:301e:7002:38b3:acea:defb:825d%en0'
Build info: version: '4.27.0', revision: 'd6e718d134'
System info: os.name: 'Mac OS X', os.arch: 'aarch64', os.version: '26.5.1', java.version: '26.0.1'
Driver info: io.appium.java_client.ios.IOSDriver
Command: [null, newSession {capabilities=[Capabilities {appium:automationName: XCuiTest, appium:bundleId: test.com.TodoApp, appium:deviceName: iPhone 17 Pro, appium:newCommandTimeout: 300, appium:noReset: true, appium:platformVersion: 26.4, appium:udid: D4E7F36F-A62E-458E-A0A4-0A5..., appium:wdaConnectionTimeout: 180000, appium:wdaLaunchTimeout: 180000, platformName: IOS}]}]
Capabilities {appium:automationName: XCuiTest, appium:bundleId: test.com.TodoApp, appium:deviceName: iPhone 17 Pro, appium:newCommandTimeout: 300, appium:noReset: true, appium:platformVersion: 26.4, appium:udid: D4E7F36F-A62E-458E-A0A4-0A5..., appium:wdaConnectionTimeout: 180000, appium:wdaLaunchTimeout: 180000, platformName: IOS}
org.openqa.selenium.SessionNotCreatedException: Could not start a new session. Response code 500. Message: Unknown device or simulator UDID: 'D4E7F36F-A62E-458E-A0A4-0A5DB6256FB3' 
Host info: host: 'MacBookPro.lan', ip: '2409:4090:301e:7002:38b3:acea:defb:825d%en0'
Build info: version: '4.27.0', revision: 'd6e718d134'
System info: os.name: 'Mac OS X', os.arch: 'aarch64', os.version: '26.5.1', java.version: '26.0.1'
Driver info: io.appium.java_client.ios.IOSDriver
Command: [null, newSession {capabilities=[Capabilities {appium:automationName: XCuiTest, appium:bundleId: test.com.TodoApp, appium:deviceName: iPhone 17 Pro, appium:newCommandTimeout: 300, appium:noReset: true, appium:platformVersion: 26.4, appium:udid: D4E7F36F-A62E-458E-A0A4-0A5..., appium:wdaConnectionTimeout: 180000, appium:wdaLaunchTimeout: 180000, platformName: IOS}]}]
Capabilities {appium:automationName: XCuiTest, appium:bundleId: test.com.TodoApp, appium:deviceName: iPhone 17 Pro, appium:newCommandTimeout: 300, appium:noReset: true, appium:platformVersion: 26.4, appium:udid: D4E7F36F-A62E-458E-A0A4-0A5..., appium:wdaConnectionTimeout: 180000, appium:wdaLaunchTimeout: 180000, platformName: IOS}
	at org.openqa.selenium.remote.ProtocolHandshake.createSession(ProtocolHandshake.java:114)
	at org.openqa.selenium.remote.ProtocolHandshake.createSession(ProtocolHandshake.java:75)
	at org.openqa.selenium.remote.ProtocolHandshake.createSession(ProtocolHandshake.java:61)
	at io.appium.java_client.remote.AppiumCommandExecutor.createSession(AppiumCommandExecutor.java:176)
	at io.appium.java_client.remote.AppiumCommandExecutor.execute(AppiumCommandExecutor.java:237)
	at org.openqa.selenium.remote.RemoteWebDriver.execute(RemoteWebDriver.java:545)
	at io.appium.java_client.AppiumDriver.startSession(AppiumDriver.java:270)
	at org.openqa.selenium.remote.RemoteWebDriver.<init>(RemoteWebDriver.java:174)
	at io.appium.java_client.AppiumDriver.<init>(AppiumDriver.java:91)
	at io.appium.java_client.AppiumDriver.<init>(AppiumDriver.java:103)
	at io.appium.java_client.ios.IOSDriver.<init>(IOSDriver.java:101)
	at base.BaseTest.setUp(BaseTest.java:70)
	at java.base/jdk.internal.reflect.DirectMethodHandleAccessor.invoke(DirectMethodHandleAccessor.java:104)
	at java.base/java.lang.reflect.Method.invoke(Method.java:565)
	at org.testng.internal.invokers.MethodInvocationHelper.invokeMethod(MethodInvocationHelper.java:141)
	at org.testng.internal.invokers.MethodInvocationHelper.invokeMethodConsideringTimeout(MethodInvocationHelper.java:71)
	at org.testng.internal.invokers.ConfigInvoker.invokeConfigurationMethod(ConfigInvoker.java:400)
	at org.testng.internal.invokers.ConfigInvoker.invokeConfigurations(ConfigInvoker.java:333)
	at org.testng.internal.invokers.TestInvoker.runConfigMethods(TestInvoker.java:833)
	at org.testng.internal.invokers.TestInvoker.invokeMethod(TestInvoker.java:600)
	at org.testng.internal.invokers.TestInvoker.invokeTestMethod(TestInvoker.java:230)
	at org.testng.internal.invokers.MethodRunner.runInSequence(MethodRunner.java:63)
	at org.testng.internal.invokers.TestInvoker$MethodInvocationAgent.invoke(TestInvoker.java:992)
	at org.testng.internal.invokers.TestInvoker.invokeTestMethods(TestInvoker.java:203)
	at org.testng.internal.invokers.TestMethodWorker.invokeTestMethods(TestMethodWorker.java:154)
	at org.testng.internal.invokers.TestMethodWorker.run(TestMethodWorker.java:134)
	at java.base/java.util.ArrayList.forEach(ArrayList.java:1612)
	at org.testng.TestRunner.privateRun(TestRunner.java:739)
	at org.testng.TestRunner.run(TestRunner.java:614)
	at org.testng.SuiteRunner.runTest(SuiteRunner.java:421)
	at org.testng.SuiteRunner.runSequentially(SuiteRunner.java:413)
	at org.testng.SuiteRunner.privateRun(SuiteRunner.java:373)
	at org.testng.SuiteRunner.run(SuiteRunner.java:312)
	at org.testng.SuiteRunnerWorker.runSuite(SuiteRunnerWorker.java:52)
	at org.testng.SuiteRunnerWorker.run(SuiteRunnerWorker.java:95)
	at org.testng.TestNG.runSuitesSequentially(TestNG.java:1274)
	at org.testng.TestNG.runSuitesLocally(TestNG.java:1208)
	at org.testng.TestNG.runSuites(TestNG.java:1112)
	at org.testng.TestNG.run(TestNG.java:1079)
	at org.apache.maven.surefire.testng.TestNGExecutor.run(TestNGExecutor.java:308)
	at org.apache.maven.surefire.testng.TestNGXmlTestSuite.execute(TestNGXmlTestSuite.java:71)
	at org.apache.maven.surefire.testng.TestNGProvider.invoke(TestNGProvider.java:113)
	at org.apache.maven.surefire.booter.ForkedBooter.runSuitesInProcess(ForkedBooter.java:385)
	at org.apache.maven.surefire.booter.ForkedBooter.execute(ForkedBooter.java:162)
	at org.apache.maven.surefire.booter.ForkedBooter.run(ForkedBooter.java:507)
	at org.apache.maven.surefire.booter.ForkedBooter.main(ForkedBooter.java:495)
]]></system-err>
  </testcase>
  <testcase name="verifyAppLaunch" classname="tests.AppLaunchTest" time="0.0">
    <skipped message="Could not start a new session. Response code 500. Message: Unknown device or simulator UDID: &apos;D4E7F36F-A62E-458E-A0A4-0A5DB6256FB3&apos; &#10;Host info: host: &apos;MacBookPro.lan&apos;, ip: &apos;2409:4090:301e:7002:38b3:acea:defb:825d%en0&apos;&#10;Build info: version: &apos;4.27.0&apos;, revision: &apos;d6e718d134&apos;&#10;System info: os.name: &apos;Mac OS X&apos;, os.arch: &apos;aarch64&apos;, os.version: &apos;26.5.1&apos;, java.version: &apos;26.0.1&apos;&#10;Driver info: io.appium.java_client.ios.IOSDriver&#10;Command: [null, newSession {capabilities=[Capabilities {appium:automationName: XCuiTest, appium:bundleId: test.com.TodoApp, appium:deviceName: iPhone 17 Pro, appium:newCommandTimeout: 300, appium:noReset: true, appium:platformVersion: 26.4, appium:udid: D4E7F36F-A62E-458E-A0A4-0A5..., appium:wdaConnectionTimeout: 180000, appium:wdaLaunchTimeout: 180000, platformName: IOS}]}]&#10;Capabilities {appium:automationName: XCuiTest, appium:bundleId: test.com.TodoApp, appium:deviceName: iPhone 17 Pro, appium:newCommandTimeout: 300, appium:noReset: true, appium:platformVersion: 26.4, appium:udid: D4E7F36F-A62E-458E-A0A4-0A5..., appium:wdaConnectionTimeout: 180000, appium:wdaLaunchTimeout: 180000, platformName: IOS}"/>
  </testcase>
</testsuite>