<?xml version="1.0" encoding="UTF-8"?>
<!-- Generated by org.testng.reporters.JUnitXMLReporter -->
<testsuite ignored="0" hostname="MacBookPro.lan" failures="0" tests="1" name="TodoApp Smoke and Functional Tests" time="1.184" errors="0" timestamp="2026-07-14T15:45:19 IST">
  <testcase classname="base.BaseTest" name="@BeforeMethod setUp" time="1.058">
    <failure type="org.openqa.selenium.SessionNotCreatedException" message="Could not start a new session. Response code 500. Message: Unknown device or simulator UDID: &amp;apos;D4E7F36F-A62E-458E-A0A4-0A5DB6256FB3&amp;apos; 
Host info: host: &amp;apos;MacBookPro.lan&amp;apos;, ip: &amp;apos;2409:4090:301e:7002:38b3:acea:defb:825d%en0&amp;apos;
Build info: version: &amp;apos;4.27.0&amp;apos;, revision: &amp;apos;d6e718d134&amp;apos;
System info: os.name: &amp;apos;Mac OS X&amp;apos;, os.arch: &amp;apos;aarch64&amp;apos;, os.version: &amp;apos;26.5.1&amp;apos;, java.version: &amp;apos;26.0.1&amp;apos;
Driver info: io.appium.java_client.ios.IOSDriver
Command: [null, newSession {capabilities=[Capabilities {appium:automationName: XCuiTest, appium:bundleId: test.com.TodoApp, appium:deviceName: iPhone 17 Pro, appium:newCommandTimeout: 300, appium:noReset: true, appium:platformVersion: 26.4, appium:udid: D4E7F36F-A62E-458E-A0A4-0A5..., appium:wdaConnectionTimeout: 180000, appium:wdaLaunchTimeout: 180000, platformName: IOS}]}]
Capabilities {appium:automationName: XCuiTest, appium:bundleId: test.com.TodoApp, appium:deviceName: iPhone 17 Pro, appium:newCommandTimeout: 300, appium:noReset: true, appium:platformVersion: 26.4, appium:udid: D4E7F36F-A62E-458E-A0A4-0A5..., appium:wdaConnectionTimeout: 180000, appium:wdaLaunchTimeout: 180000, platformName: IOS}">
      <![CDATA[org.openqa.selenium.SessionNotCreatedException: Could not start a new session. Response code 500. Message: Unknown device or simulator UDID: 'D4E7F36F-A62E-458E-A0A4-0A5DB6256FB3' 
Host info: host: 'MacBookPro.lan', ip: '2409:4090:301e:7002:38b3:acea:defb:825d%en0'
Build info: version: '4.27.0', revision: 'd6e718d134'
System info: os.name: 'Mac OS X', os.arch: 'aarch64', os.version: '26.5.1', java.version: '26.0.1'
Driver info: io.appium.java_client.ios.IOSDriver
Command: [null, newSession {capabilities=[Capabilities {appium:automationName: XCuiTest, appium:bundleId: test.com.TodoApp, appium:deviceName: iPhone 17 Pro, appium:newCommandTimeout: 300, appium:noReset: true, appium:platformVersion: 26.4, appium:udid: D4E7F36F-A62E-458E-A0A4-0A5..., appium:wdaConnectionTimeout: 180000, appium:wdaLaunchTimeout: 180000, platformName: IOS}]}]
Capabilities {appium:automationName: XCuiTest, appium:bundleId: test.com.TodoApp, appium:deviceName: iPhone 17 Pro, appium:newCommandTimeout: 300, appium:noReset: true, appium:platformVersion: 26.4, appium:udid: D4E7F36F-A62E-458E-A0A4-0A5..., appium:wdaConnectionTimeout: 180000, appium:wdaLaunchTimeout: 180000, platformName: IOS}
at org.openqa.selenium.remote.ProtocolHandshake.createSession(ProtocolHandshake.java:114)
at org.openqa.selenium.remote.ProtocolHandshake.createSession(ProtocolHandshake.java:75)
at org.openqa.selenium.remote.ProtocolHandshake.createSession(ProtocolHandshake.java:61)
at io.appium.java_client.remote.AppiumCommandExecutor.createSession(AppiumCommandExecutor.java:176)
at io.appium.java_client.remote.AppiumCommandExecutor.execute(AppiumCommandExecutor.java:237)
at org.openqa.selenium.remote.RemoteWebDriver.execute(RemoteWebDriver.java:545)
at io.appium.java_client.AppiumDriver.startSession(AppiumDriver.java:270)
at org.openqa.selenium.remote.RemoteWebDriver.<init>(RemoteWebDriver.java:174)
at io.appium.java_client.AppiumDriver.<init>(AppiumDriver.java:91)
at io.appium.java_client.AppiumDriver.<init>(AppiumDriver.java:103)
at io.appium.java_client.ios.IOSDriver.<init>(IOSDriver.java:101)
at base.BaseTest.setUp(BaseTest.java:70)
at java.base/java.util.ArrayList.forEach(ArrayList.java:1612)
... Removed 33 stack frames]]>
    </failure>
  </testcase> <!-- @BeforeMethod setUp -->
  <testcase classname="tests.AppLaunchTest" name="verifyAppLaunch" time="0.0">
    <skipped/>
  </testcase> <!-- verifyAppLaunch -->
</testsuite> <!-- TodoApp Smoke and Functional Tests -->
